[2025-06-23T17:50:11.566+0900] {local_task_job_runner.py:123} INFO - ::group::Pre task execution logs
[2025-06-23T17:50:11.646+0900] {taskinstance.py:2614} INFO - Dependencies all met for dep_context=non-requeueable deps ti=<TaskInstance: lilt_document_classifier_balanced_no_preprc_V0.1.train_lilt manual__2025-06-23T08:49:55.652889+00:00 [queued]>
[2025-06-23T17:50:11.684+0900] {taskinstance.py:2614} INFO - Dependencies all met for dep_context=requeueable deps ti=<TaskInstance: lilt_document_classifier_balanced_no_preprc_V0.1.train_lilt manual__2025-06-23T08:49:55.652889+00:00 [queued]>
[2025-06-23T17:50:11.686+0900] {taskinstance.py:2867} INFO - Starting attempt 1 of 1
[2025-06-23T17:50:11.741+0900] {taskinstance.py:2890} INFO - Executing <Task(_PythonDecoratedOperator): train_lilt> on 2025-06-23 08:49:55.652889+00:00
[2025-06-23T17:50:11.778+0900] {warnings.py:112} WARNING - /home/***/.local/lib/python3.12/site-packages/***/task/task_runner/standard_task_runner.py:70: DeprecationWarning: This process (pid=14295) is multi-threaded, use of fork() may lead to deadlocks in the child.
  pid = os.fork()

[2025-06-23T17:50:11.784+0900] {standard_task_runner.py:72} INFO - Started process 14304 to run task
[2025-06-23T17:50:11.788+0900] {standard_task_runner.py:104} INFO - Running: ['***', 'tasks', 'run', 'lilt_document_classifier_balanced_no_preprc_V0.1', 'train_lilt', 'manual__2025-06-23T08:49:55.652889+00:00', '--job-id', '3695', '--raw', '--subdir', 'DAGS_FOLDER/class_create_no_preprc_dag.py', '--cfg-path', '/tmp/tmpg3ea236y']
[2025-06-23T17:50:11.799+0900] {standard_task_runner.py:105} INFO - Job 3695: Subtask train_lilt
[2025-06-23T17:50:11.967+0900] {task_command.py:467} INFO - Running <TaskInstance: lilt_document_classifier_balanced_no_preprc_V0.1.train_lilt manual__2025-06-23T08:49:55.652889+00:00 [running]> on host f6d4228a9eb8
[2025-06-23T17:50:12.341+0900] {taskinstance.py:3134} INFO - Exporting env vars: AIRFLOW_CTX_DAG_OWNER='***' AIRFLOW_CTX_DAG_ID='lilt_document_classifier_balanced_no_preprc_V0.1' AIRFLOW_CTX_TASK_ID='train_lilt' AIRFLOW_CTX_EXECUTION_DATE='2025-06-23T08:49:55.652889+00:00' AIRFLOW_CTX_TRY_NUMBER='1' AIRFLOW_CTX_DAG_RUN_ID='manual__2025-06-23T08:49:55.652889+00:00'
[2025-06-23T17:50:12.346+0900] {taskinstance.py:732} INFO - ::endgroup::
[2025-06-23T17:50:15.243+0900] {log.py:232} WARNING - Some weights of LiltForSequenceClassification were not initialized from the model checkpoint at SCUT-DLVCLab/lilt-roberta-en-base and are newly initialized: ['classifier.dense.bias', 'classifier.dense.weight', 'classifier.out_proj.bias', 'classifier.out_proj.weight']
You should probably TRAIN this model on a down-stream task to be able to use it for predictions and inference.
[2025-06-23T17:50:15.262+0900] {logging_mixin.py:190} INFO - Epoch 1
[2025-06-23T17:50:19.224+0900] {logging_mixin.py:190} INFO - Batch 실패: The `bbox` coordinate values should be within 0-1000 range.
[2025-06-23T17:50:38.803+0900] {logging_mixin.py:190} INFO - Batch 실패: The `bbox` coordinate values should be within 0-1000 range.
[2025-06-23T17:50:41.968+0900] {logging_mixin.py:190} INFO - Batch 실패: The `bbox` coordinate values should be within 0-1000 range.
[2025-06-23T17:50:46.609+0900] {logging_mixin.py:190} INFO - Batch 실패: The `bbox` coordinate values should be within 0-1000 range.
[2025-06-23T17:50:57.005+0900] {logging_mixin.py:190} INFO - Batch 실패: The `bbox` coordinate values should be within 0-1000 range.
[2025-06-23T17:51:13.209+0900] {logging_mixin.py:190} INFO - Batch 실패: The `bbox` coordinate values should be within 0-1000 range.
[2025-06-23T17:51:17.168+0900] {logging_mixin.py:190} INFO - Batch 실패: The `bbox` coordinate values should be within 0-1000 range.
[2025-06-23T17:51:20.873+0900] {logging_mixin.py:190} INFO - Batch 실패: The `bbox` coordinate values should be within 0-1000 range.
[2025-06-23T17:51:23.554+0900] {logging_mixin.py:190} INFO - Batch 실패: The `bbox` coordinate values should be within 0-1000 range.
[2025-06-23T17:51:25.626+0900] {logging_mixin.py:190} INFO - Batch 실패: The `bbox` coordinate values should be within 0-1000 range.
[2025-06-23T17:51:29.312+0900] {logging_mixin.py:190} INFO - Batch 실패: The `bbox` coordinate values should be within 0-1000 range.
[2025-06-23T17:51:31.688+0900] {logging_mixin.py:190} INFO - Batch 실패: The `bbox` coordinate values should be within 0-1000 range.
[2025-06-23T17:51:34.171+0900] {logging_mixin.py:190} INFO - Batch 실패: The `bbox` coordinate values should be within 0-1000 range.
[2025-06-23T17:51:39.799+0900] {logging_mixin.py:190} INFO - Batch 실패: The `bbox` coordinate values should be within 0-1000 range.
[2025-06-23T17:51:47.819+0900] {logging_mixin.py:190} INFO - Batch 실패: The `bbox` coordinate values should be within 0-1000 range.
[2025-06-23T17:51:51.758+0900] {logging_mixin.py:190} INFO - Batch 실패: The `bbox` coordinate values should be within 0-1000 range.
[2025-06-23T17:51:54.526+0900] {logging_mixin.py:190} INFO - Batch 실패: The `bbox` coordinate values should be within 0-1000 range.
[2025-06-23T17:51:57.108+0900] {logging_mixin.py:190} INFO - Batch 실패: The `bbox` coordinate values should be within 0-1000 range.
[2025-06-23T17:51:58.843+0900] {logging_mixin.py:190} INFO - Batch 실패: The `bbox` coordinate values should be within 0-1000 range.
[2025-06-23T17:52:00.835+0900] {logging_mixin.py:190} INFO - Batch 실패: The `bbox` coordinate values should be within 0-1000 range.
[2025-06-23T17:52:02.908+0900] {logging_mixin.py:190} INFO - Batch 실패: The `bbox` coordinate values should be within 0-1000 range.
[2025-06-23T17:52:07.059+0900] {logging_mixin.py:190} INFO - Batch 실패: The `bbox` coordinate values should be within 0-1000 range.
[2025-06-23T17:52:14.268+0900] {logging_mixin.py:190} INFO - Batch 실패: The `bbox` coordinate values should be within 0-1000 range.
[2025-06-23T17:52:16.208+0900] {logging_mixin.py:190} INFO - Batch 실패: The `bbox` coordinate values should be within 0-1000 range.
[2025-06-23T17:52:18.679+0900] {logging_mixin.py:190} INFO - Batch 실패: The `bbox` coordinate values should be within 0-1000 range.
[2025-06-23T17:52:22.276+0900] {logging_mixin.py:190} INFO - Batch 실패: The `bbox` coordinate values should be within 0-1000 range.
[2025-06-23T17:52:24.703+0900] {logging_mixin.py:190} INFO - Batch 실패: The `bbox` coordinate values should be within 0-1000 range.
[2025-06-23T17:52:26.886+0900] {logging_mixin.py:190} INFO - Batch 실패: The `bbox` coordinate values should be within 0-1000 range.
[2025-06-23T17:52:38.559+0900] {logging_mixin.py:190} INFO - Batch 실패: The `bbox` coordinate values should be within 0-1000 range.
[2025-06-23T17:52:40.895+0900] {logging_mixin.py:190} INFO - Batch 실패: The `bbox` coordinate values should be within 0-1000 range.
[2025-06-23T17:52:44.415+0900] {logging_mixin.py:190} INFO - Batch 실패: The `bbox` coordinate values should be within 0-1000 range.
[2025-06-23T17:52:46.828+0900] {logging_mixin.py:190} INFO - Batch 실패: The `bbox` coordinate values should be within 0-1000 range.
[2025-06-23T17:52:50.037+0900] {logging_mixin.py:190} INFO - Batch 실패: The `bbox` coordinate values should be within 0-1000 range.
[2025-06-23T17:52:52.984+0900] {logging_mixin.py:190} INFO - Batch 실패: The `bbox` coordinate values should be within 0-1000 range.
[2025-06-23T17:52:57.105+0900] {logging_mixin.py:190} INFO - Batch 실패: The `bbox` coordinate values should be within 0-1000 range.
[2025-06-23T17:53:00.940+0900] {logging_mixin.py:190} INFO - Batch 실패: The `bbox` coordinate values should be within 0-1000 range.
[2025-06-23T17:53:08.420+0900] {logging_mixin.py:190} INFO - Batch 실패: The `bbox` coordinate values should be within 0-1000 range.
[2025-06-23T17:53:10.804+0900] {logging_mixin.py:190} INFO - Batch 실패: The `bbox` coordinate values should be within 0-1000 range.
[2025-06-23T17:53:16.077+0900] {logging_mixin.py:190} INFO - Batch 실패: The `bbox` coordinate values should be within 0-1000 range.
[2025-06-23T17:53:22.899+0900] {logging_mixin.py:190} INFO - Batch 실패: The `bbox` coordinate values should be within 0-1000 range.
[2025-06-23T17:53:26.331+0900] {logging_mixin.py:190} INFO - Batch 실패: The `bbox` coordinate values should be within 0-1000 range.
[2025-06-23T17:53:28.820+0900] {logging_mixin.py:190} INFO - Batch 실패: The `bbox` coordinate values should be within 0-1000 range.
[2025-06-23T17:53:31.080+0900] {logging_mixin.py:190} INFO - Batch 실패: The `bbox` coordinate values should be within 0-1000 range.
[2025-06-23T17:53:33.353+0900] {logging_mixin.py:190} INFO - Batch 실패: The `bbox` coordinate values should be within 0-1000 range.
[2025-06-23T17:53:40.254+0900] {logging_mixin.py:190} INFO - Batch 실패: The `bbox` coordinate values should be within 0-1000 range.
[2025-06-23T17:53:42.571+0900] {logging_mixin.py:190} INFO - Batch 실패: The `bbox` coordinate values should be within 0-1000 range.
[2025-06-23T17:53:46.005+0900] {logging_mixin.py:190} INFO - Batch 실패: The `bbox` coordinate values should be within 0-1000 range.
[2025-06-23T17:53:57.452+0900] {logging_mixin.py:190} INFO - Batch 실패: The `bbox` coordinate values should be within 0-1000 range.
[2025-06-23T17:53:59.592+0900] {logging_mixin.py:190} INFO - Batch 실패: The `bbox` coordinate values should be within 0-1000 range.
[2025-06-23T17:54:02.679+0900] {logging_mixin.py:190} INFO - Batch 실패: The `bbox` coordinate values should be within 0-1000 range.
[2025-06-23T17:54:05.929+0900] {logging_mixin.py:190} INFO - Batch 실패: The `bbox` coordinate values should be within 0-1000 range.
[2025-06-23T17:54:08.072+0900] {logging_mixin.py:190} INFO - Batch 실패: The `bbox` coordinate values should be within 0-1000 range.
[2025-06-23T17:54:11.389+0900] {logging_mixin.py:190} INFO - Batch 실패: The `bbox` coordinate values should be within 0-1000 range.
[2025-06-23T17:54:15.066+0900] {logging_mixin.py:190} INFO - Batch 실패: The `bbox` coordinate values should be within 0-1000 range.
[2025-06-23T17:54:24.469+0900] {logging_mixin.py:190} INFO - Batch 실패: The `bbox` coordinate values should be within 0-1000 range.
[2025-06-23T17:54:24.470+0900] {logging_mixin.py:190} INFO - Epoch 1 훈련 손실: 0.0625
[2025-06-23T17:54:26.947+0900] {taskinstance.py:3313} ERROR - Task failed with exception
Traceback (most recent call last):
  File "/home/airflow/.local/lib/python3.12/site-packages/transformers/models/lilt/modeling_lilt.py", line 155, in forward
    left_position_embeddings = self.x_position_embeddings(bbox[:, :, 0])
                               ^^^^^^^^^^^^^^^^^^^^^^^^^^^^^^^^^^^^^^^^^
  File "/home/airflow/.local/lib/python3.12/site-packages/torch/nn/modules/module.py", line 1751, in _wrapped_call_impl
    return self._call_impl(*args, **kwargs)
           ^^^^^^^^^^^^^^^^^^^^^^^^^^^^^^^^
  File "/home/airflow/.local/lib/python3.12/site-packages/torch/nn/modules/module.py", line 1762, in _call_impl
    return forward_call(*args, **kwargs)
           ^^^^^^^^^^^^^^^^^^^^^^^^^^^^^
  File "/home/airflow/.local/lib/python3.12/site-packages/torch/nn/modules/sparse.py", line 190, in forward
    return F.embedding(
           ^^^^^^^^^^^^
  File "/home/airflow/.local/lib/python3.12/site-packages/torch/nn/functional.py", line 2551, in embedding
    return torch.embedding(weight, input, padding_idx, scale_grad_by_freq, sparse)
           ^^^^^^^^^^^^^^^^^^^^^^^^^^^^^^^^^^^^^^^^^^^^^^^^^^^^^^^^^^^^^^^^^^^^^^^
IndexError: index out of range in self

The above exception was the direct cause of the following exception:

Traceback (most recent call last):
  File "/home/airflow/.local/lib/python3.12/site-packages/airflow/models/taskinstance.py", line 768, in _execute_task
    result = _execute_callable(context=context, **execute_callable_kwargs)
             ^^^^^^^^^^^^^^^^^^^^^^^^^^^^^^^^^^^^^^^^^^^^^^^^^^^^^^^^^^^^^
  File "/home/airflow/.local/lib/python3.12/site-packages/airflow/models/taskinstance.py", line 734, in _execute_callable
    return ExecutionCallableRunner(
           ^^^^^^^^^^^^^^^^^^^^^^^^
  File "/home/airflow/.local/lib/python3.12/site-packages/airflow/utils/operator_helpers.py", line 252, in run
    return self.func(*args, **kwargs)
           ^^^^^^^^^^^^^^^^^^^^^^^^^^
  File "/home/airflow/.local/lib/python3.12/site-packages/airflow/models/baseoperator.py", line 424, in wrapper
    return func(self, *args, **kwargs)
           ^^^^^^^^^^^^^^^^^^^^^^^^^^^
  File "/home/airflow/.local/lib/python3.12/site-packages/airflow/decorators/base.py", line 266, in execute
    return_value = super().execute(context)
                   ^^^^^^^^^^^^^^^^^^^^^^^^
  File "/home/airflow/.local/lib/python3.12/site-packages/airflow/models/baseoperator.py", line 424, in wrapper
    return func(self, *args, **kwargs)
           ^^^^^^^^^^^^^^^^^^^^^^^^^^^
  File "/home/airflow/.local/lib/python3.12/site-packages/airflow/operators/python.py", line 238, in execute
    return_value = self.execute_callable()
                   ^^^^^^^^^^^^^^^^^^^^^^^
  File "/home/airflow/.local/lib/python3.12/site-packages/airflow/operators/python.py", line 256, in execute_callable
    return runner.run(*self.op_args, **self.op_kwargs)
           ^^^^^^^^^^^^^^^^^^^^^^^^^^^^^^^^^^^^^^^^^^^
  File "/home/airflow/.local/lib/python3.12/site-packages/airflow/utils/operator_helpers.py", line 252, in run
    return self.func(*args, **kwargs)
           ^^^^^^^^^^^^^^^^^^^^^^^^^^
  File "/opt/airflow/dags/class_create_no_preprc_dag.py", line 265, in train_lilt
    outputs = model(**inputs, labels=batch["labels"].to(device))
              ^^^^^^^^^^^^^^^^^^^^^^^^^^^^^^^^^^^^^^^^^^^^^^^^^^
  File "/home/airflow/.local/lib/python3.12/site-packages/torch/nn/modules/module.py", line 1751, in _wrapped_call_impl
    return self._call_impl(*args, **kwargs)
           ^^^^^^^^^^^^^^^^^^^^^^^^^^^^^^^^
  File "/home/airflow/.local/lib/python3.12/site-packages/torch/nn/modules/module.py", line 1762, in _call_impl
    return forward_call(*args, **kwargs)
           ^^^^^^^^^^^^^^^^^^^^^^^^^^^^^
  File "/home/airflow/.local/lib/python3.12/site-packages/transformers/models/lilt/modeling_lilt.py", line 809, in forward
    outputs = self.lilt(
              ^^^^^^^^^^
  File "/home/airflow/.local/lib/python3.12/site-packages/torch/nn/modules/module.py", line 1751, in _wrapped_call_impl
    return self._call_impl(*args, **kwargs)
           ^^^^^^^^^^^^^^^^^^^^^^^^^^^^^^^^
  File "/home/airflow/.local/lib/python3.12/site-packages/torch/nn/modules/module.py", line 1762, in _call_impl
    return forward_call(*args, **kwargs)
           ^^^^^^^^^^^^^^^^^^^^^^^^^^^^^
  File "/home/airflow/.local/lib/python3.12/site-packages/transformers/models/lilt/modeling_lilt.py", line 717, in forward
    layout_embedding_output = self.layout_embeddings(bbox=bbox, position_ids=position_ids)
                              ^^^^^^^^^^^^^^^^^^^^^^^^^^^^^^^^^^^^^^^^^^^^^^^^^^^^^^^^^^^^
  File "/home/airflow/.local/lib/python3.12/site-packages/torch/nn/modules/module.py", line 1751, in _wrapped_call_impl
    return self._call_impl(*args, **kwargs)
           ^^^^^^^^^^^^^^^^^^^^^^^^^^^^^^^^
  File "/home/airflow/.local/lib/python3.12/site-packages/torch/nn/modules/module.py", line 1762, in _call_impl
    return forward_call(*args, **kwargs)
           ^^^^^^^^^^^^^^^^^^^^^^^^^^^^^
  File "/home/airflow/.local/lib/python3.12/site-packages/transformers/models/lilt/modeling_lilt.py", line 160, in forward
    raise IndexError("The `bbox` coordinate values should be within 0-1000 range.") from e
IndexError: The `bbox` coordinate values should be within 0-1000 range.
[2025-06-23T17:54:26.959+0900] {taskinstance.py:1226} INFO - Marking task as FAILED. dag_id=lilt_document_classifier_balanced_no_preprc_V0.1, task_id=train_lilt, run_id=manual__2025-06-23T08:49:55.652889+00:00, execution_date=20250623T084955, start_date=20250623T085011, end_date=20250623T085426
[2025-06-23T17:54:26.980+0900] {taskinstance.py:341} INFO - ::group::Post task execution logs
[2025-06-23T17:54:26.982+0900] {standard_task_runner.py:124} ERROR - Failed to execute job 3695 for task train_lilt (The `bbox` coordinate values should be within 0-1000 range.; 14304)
Traceback (most recent call last):
  File "/home/airflow/.local/lib/python3.12/site-packages/transformers/models/lilt/modeling_lilt.py", line 155, in forward
    left_position_embeddings = self.x_position_embeddings(bbox[:, :, 0])
                               ^^^^^^^^^^^^^^^^^^^^^^^^^^^^^^^^^^^^^^^^^
  File "/home/airflow/.local/lib/python3.12/site-packages/torch/nn/modules/module.py", line 1751, in _wrapped_call_impl
    return self._call_impl(*args, **kwargs)
           ^^^^^^^^^^^^^^^^^^^^^^^^^^^^^^^^
  File "/home/airflow/.local/lib/python3.12/site-packages/torch/nn/modules/module.py", line 1762, in _call_impl
    return forward_call(*args, **kwargs)
           ^^^^^^^^^^^^^^^^^^^^^^^^^^^^^
  File "/home/airflow/.local/lib/python3.12/site-packages/torch/nn/modules/sparse.py", line 190, in forward
    return F.embedding(
           ^^^^^^^^^^^^
  File "/home/airflow/.local/lib/python3.12/site-packages/torch/nn/functional.py", line 2551, in embedding
    return torch.embedding(weight, input, padding_idx, scale_grad_by_freq, sparse)
           ^^^^^^^^^^^^^^^^^^^^^^^^^^^^^^^^^^^^^^^^^^^^^^^^^^^^^^^^^^^^^^^^^^^^^^^
IndexError: index out of range in self

The above exception was the direct cause of the following exception:

Traceback (most recent call last):
  File "/home/airflow/.local/lib/python3.12/site-packages/airflow/task/task_runner/standard_task_runner.py", line 117, in _start_by_fork
    ret = args.func(args, dag=self.dag)
          ^^^^^^^^^^^^^^^^^^^^^^^^^^^^^
  File "/home/airflow/.local/lib/python3.12/site-packages/airflow/cli/cli_config.py", line 49, in command
    return func(*args, **kwargs)
           ^^^^^^^^^^^^^^^^^^^^^
  File "/home/airflow/.local/lib/python3.12/site-packages/airflow/utils/cli.py", line 116, in wrapper
    return f(*args, **kwargs)
           ^^^^^^^^^^^^^^^^^^
  File "/home/airflow/.local/lib/python3.12/site-packages/airflow/cli/commands/task_command.py", line 483, in task_run
    task_return_code = _run_task_by_selected_method(args, _dag, ti)
                       ^^^^^^^^^^^^^^^^^^^^^^^^^^^^^^^^^^^^^^^^^^^^
  File "/home/airflow/.local/lib/python3.12/site-packages/airflow/cli/commands/task_command.py", line 256, in _run_task_by_selected_method
    return _run_raw_task(args, ti)
           ^^^^^^^^^^^^^^^^^^^^^^^
  File "/home/airflow/.local/lib/python3.12/site-packages/airflow/cli/commands/task_command.py", line 341, in _run_raw_task
    return ti._run_raw_task(
           ^^^^^^^^^^^^^^^^^
  File "/home/airflow/.local/lib/python3.12/site-packages/airflow/utils/session.py", line 97, in wrapper
    return func(*args, session=session, **kwargs)
           ^^^^^^^^^^^^^^^^^^^^^^^^^^^^^^^^^^^^^^
  File "/home/airflow/.local/lib/python3.12/site-packages/airflow/models/taskinstance.py", line 3006, in _run_raw_task
    return _run_raw_task(
           ^^^^^^^^^^^^^^
  File "/home/airflow/.local/lib/python3.12/site-packages/airflow/models/taskinstance.py", line 274, in _run_raw_task
    TaskInstance._execute_task_with_callbacks(
  File "/home/airflow/.local/lib/python3.12/site-packages/airflow/models/taskinstance.py", line 3161, in _execute_task_with_callbacks
    result = self._execute_task(context, task_orig)
             ^^^^^^^^^^^^^^^^^^^^^^^^^^^^^^^^^^^^^^
  File "/home/airflow/.local/lib/python3.12/site-packages/airflow/models/taskinstance.py", line 3185, in _execute_task
    return _execute_task(self, context, task_orig)
           ^^^^^^^^^^^^^^^^^^^^^^^^^^^^^^^^^^^^^^^
  File "/home/airflow/.local/lib/python3.12/site-packages/airflow/models/taskinstance.py", line 768, in _execute_task
    result = _execute_callable(context=context, **execute_callable_kwargs)
             ^^^^^^^^^^^^^^^^^^^^^^^^^^^^^^^^^^^^^^^^^^^^^^^^^^^^^^^^^^^^^
  File "/home/airflow/.local/lib/python3.12/site-packages/airflow/models/taskinstance.py", line 734, in _execute_callable
    return ExecutionCallableRunner(
           ^^^^^^^^^^^^^^^^^^^^^^^^
  File "/home/airflow/.local/lib/python3.12/site-packages/airflow/utils/operator_helpers.py", line 252, in run
    return self.func(*args, **kwargs)
           ^^^^^^^^^^^^^^^^^^^^^^^^^^
  File "/home/airflow/.local/lib/python3.12/site-packages/airflow/models/baseoperator.py", line 424, in wrapper
    return func(self, *args, **kwargs)
           ^^^^^^^^^^^^^^^^^^^^^^^^^^^
  File "/home/airflow/.local/lib/python3.12/site-packages/airflow/decorators/base.py", line 266, in execute
    return_value = super().execute(context)
                   ^^^^^^^^^^^^^^^^^^^^^^^^
  File "/home/airflow/.local/lib/python3.12/site-packages/airflow/models/baseoperator.py", line 424, in wrapper
    return func(self, *args, **kwargs)
           ^^^^^^^^^^^^^^^^^^^^^^^^^^^
  File "/home/airflow/.local/lib/python3.12/site-packages/airflow/operators/python.py", line 238, in execute
    return_value = self.execute_callable()
                   ^^^^^^^^^^^^^^^^^^^^^^^
  File "/home/airflow/.local/lib/python3.12/site-packages/airflow/operators/python.py", line 256, in execute_callable
    return runner.run(*self.op_args, **self.op_kwargs)
           ^^^^^^^^^^^^^^^^^^^^^^^^^^^^^^^^^^^^^^^^^^^
  File "/home/airflow/.local/lib/python3.12/site-packages/airflow/utils/operator_helpers.py", line 252, in run
    return self.func(*args, **kwargs)
           ^^^^^^^^^^^^^^^^^^^^^^^^^^
  File "/opt/airflow/dags/class_create_no_preprc_dag.py", line 265, in train_lilt
    outputs = model(**inputs, labels=batch["labels"].to(device))
              ^^^^^^^^^^^^^^^^^^^^^^^^^^^^^^^^^^^^^^^^^^^^^^^^^^
  File "/home/airflow/.local/lib/python3.12/site-packages/torch/nn/modules/module.py", line 1751, in _wrapped_call_impl
    return self._call_impl(*args, **kwargs)
           ^^^^^^^^^^^^^^^^^^^^^^^^^^^^^^^^
  File "/home/airflow/.local/lib/python3.12/site-packages/torch/nn/modules/module.py", line 1762, in _call_impl
    return forward_call(*args, **kwargs)
           ^^^^^^^^^^^^^^^^^^^^^^^^^^^^^
  File "/home/airflow/.local/lib/python3.12/site-packages/transformers/models/lilt/modeling_lilt.py", line 809, in forward
    outputs = self.lilt(
              ^^^^^^^^^^
  File "/home/airflow/.local/lib/python3.12/site-packages/torch/nn/modules/module.py", line 1751, in _wrapped_call_impl
    return self._call_impl(*args, **kwargs)
           ^^^^^^^^^^^^^^^^^^^^^^^^^^^^^^^^
  File "/home/airflow/.local/lib/python3.12/site-packages/torch/nn/modules/module.py", line 1762, in _call_impl
    return forward_call(*args, **kwargs)
           ^^^^^^^^^^^^^^^^^^^^^^^^^^^^^
  File "/home/airflow/.local/lib/python3.12/site-packages/transformers/models/lilt/modeling_lilt.py", line 717, in forward
    layout_embedding_output = self.layout_embeddings(bbox=bbox, position_ids=position_ids)
                              ^^^^^^^^^^^^^^^^^^^^^^^^^^^^^^^^^^^^^^^^^^^^^^^^^^^^^^^^^^^^
  File "/home/airflow/.local/lib/python3.12/site-packages/torch/nn/modules/module.py", line 1751, in _wrapped_call_impl
    return self._call_impl(*args, **kwargs)
           ^^^^^^^^^^^^^^^^^^^^^^^^^^^^^^^^
  File "/home/airflow/.local/lib/python3.12/site-packages/torch/nn/modules/module.py", line 1762, in _call_impl
    return forward_call(*args, **kwargs)
           ^^^^^^^^^^^^^^^^^^^^^^^^^^^^^
  File "/home/airflow/.local/lib/python3.12/site-packages/transformers/models/lilt/modeling_lilt.py", line 160, in forward
    raise IndexError("The `bbox` coordinate values should be within 0-1000 range.") from e
IndexError: The `bbox` coordinate values should be within 0-1000 range.
[2025-06-23T17:54:27.079+0900] {local_task_job_runner.py:266} INFO - Task exited with return code 1
[2025-06-23T17:54:27.092+0900] {taskinstance.py:3901} INFO - 0 downstream tasks scheduled from follow-on schedule check
[2025-06-23T17:54:27.096+0900] {local_task_job_runner.py:245} INFO - ::endgroup::
